<?xml version="1.0" encoding="UTF-8"?>
<testng-results ignored="0" total="1" passed="1" failed="0" skipped="0">
  <reporter-output>
  </reporter-output>
  <suite started-at="2024-03-22T15:27:04 IST" name="Default suite" finished-at="2024-03-22T15:27:15 IST" duration-ms="11055">
    <groups>
    </groups>
    <test started-at="2024-03-22T15:27:04 IST" name="Default test" finished-at="2024-03-22T15:27:15 IST" duration-ms="11055">
      <class name="testpgm.SauceDemoTest">
        <test-method is-config="true" signature="SetUp()[pri:0, instance:testpgm.SauceDemoTest@2e385cce]" started-at="2024-03-22T15:27:04 IST" name="SetUp" finished-at="2024-03-22T15:27:06 IST" duration-ms="2337" status="PASS">
          <reporter-output>
          </reporter-output>
        </test-method> <!-- SetUp -->
        <test-method is-config="true" signature="beforecall()[pri:0, instance:testpgm.SauceDemoTest@2e385cce]" started-at="2024-03-22T15:27:06 IST" name="beforecall" finished-at="2024-03-22T15:27:12 IST" duration-ms="5727" status="PASS">
          <reporter-output>
          </reporter-output>
        </test-method> <!-- beforecall -->
        <test-method signature="TestSauce()[pri:0, instance:testpgm.SauceDemoTest@2e385cce]" started-at="2024-03-22T15:27:12 IST" name="TestSauce" finished-at="2024-03-22T15:27:15 IST" duration-ms="2937" status="PASS">
          <reporter-output>
          </reporter-output>
        </test-method> <!-- TestSauce -->
      </class> <!-- testpgm.SauceDemoTest -->
    </test> <!-- Default test -->
  </suite> <!-- Default suite -->
</testng-results>
